

Version:	3.8
CmdLine:	F:\Development\HighlightMarker\Installer\HighlightMarker.exe --l4j-debug
WOW64:		yes
Working dir:	F:\Development\HighlightMarker\Installer\.
64-bit search:	SOFTWARE\JavaSoft\Java Runtime Environment...
Check:		SOFTWARE\JavaSoft\Java Runtime Environment\1.8
Ignore:		1.8
Check:		SOFTWARE\JavaSoft\Java Runtime Environment\1.8.0_60
Check launcher:	C:\Program Files\Java\jre1.8.0_60\bin\javaw.exe (not found)
Ignore:		1.8.0_60
Check:		SOFTWARE\JavaSoft\Java Runtime Environment\1.8.0_65
Check launcher:	C:\Program Files\Java\jre1.8.0_65\bin\javaw.exe (not found)
Ignore:		1.8.0_65
Check:		SOFTWARE\JavaSoft\Java Runtime Environment\1.8.0_66
Check launcher:	C:\Program Files\Java\jre1.8.0_66\bin\javaw.exe (OK)
Match:		1.8.0_66
64-bit search:	SOFTWARE\JavaSoft\Java Development Kit...
Check:		SOFTWARE\JavaSoft\Java Development Kit\1.8
Ignore:		1.8
Check:		SOFTWARE\JavaSoft\Java Development Kit\1.8.0_60
Ignore:		1.8.0_60
Runtime used:	1.8.0_66 (64-bit)
Launcher:	C:\Program Files\Java\jre1.8.0_66\bin\javaw.exe
Launcher args:	-jar "F:\Development\HighlightMarker\Installer\HighlightMarker.exe"
Args length:	67/32768 chars
Exit code:	0


Version:	3.8
CmdLine:	F:\Development\HighlightMarker\Installer\HighlightMarker_0.0.2.exe --l4j-debug
WOW64:		yes
Working dir:	F:\Development\HighlightMarker\Installer\.
64-bit search:	SOFTWARE\JavaSoft\Java Runtime Environment...
Check:		SOFTWARE\JavaSoft\Java Runtime Environment\1.8
Ignore:		1.8
Check:		SOFTWARE\JavaSoft\Java Runtime Environment\1.8.0_60
Check launcher:	C:\Program Files\Java\jre1.8.0_60\bin\javaw.exe (not found)
Ignore:		1.8.0_60
Check:		SOFTWARE\JavaSoft\Java Runtime Environment\1.8.0_65
Check launcher:	C:\Program Files\Java\jre1.8.0_65\bin\javaw.exe (not found)
Ignore:		1.8.0_65
Check:		SOFTWARE\JavaSoft\Java Runtime Environment\1.8.0_66
Check launcher:	C:\Program Files\Java\jre1.8.0_66\bin\javaw.exe (OK)
Match:		1.8.0_66
64-bit search:	SOFTWARE\JavaSoft\Java Development Kit...
Check:		SOFTWARE\JavaSoft\Java Development Kit\1.8
Ignore:		1.8
Check:		SOFTWARE\JavaSoft\Java Development Kit\1.8.0_60
Ignore:		1.8.0_60
Runtime used:	1.8.0_66 (64-bit)
Launcher:	C:\Program Files\Java\jre1.8.0_66\bin\javaw.exe
Launcher args:	-jar "F:\Development\HighlightMarker\Installer\HighlightMarker_0.0.2.exe"
Args length:	73/32768 chars
Exit code:	0


Version:	3.8
CmdLine:	F:\Development\HighlightMarker\Installer\HighlightMarker_0.0.2.exe --l4j-debug
WOW64:		yes
Working dir:	F:\Development\HighlightMarker\Installer\.
64-bit search:	SOFTWARE\JavaSoft\Java Runtime Environment...
Check:		SOFTWARE\JavaSoft\Java Runtime Environment\1.8
Ignore:		1.8
Check:		SOFTWARE\JavaSoft\Java Runtime Environment\1.8.0_60
Check launcher:	C:\Program Files\Java\jre1.8.0_60\bin\javaw.exe (not found)
Ignore:		1.8.0_60
Check:		SOFTWARE\JavaSoft\Java Runtime Environment\1.8.0_65
Check launcher:	C:\Program Files\Java\jre1.8.0_65\bin\javaw.exe (not found)
Ignore:		1.8.0_65
Check:		SOFTWARE\JavaSoft\Java Runtime Environment\1.8.0_66
Check launcher:	C:\Program Files\Java\jre1.8.0_66\bin\javaw.exe (OK)
Match:		1.8.0_66
64-bit search:	SOFTWARE\JavaSoft\Java Development Kit...
Check:		SOFTWARE\JavaSoft\Java Development Kit\1.8
Ignore:		1.8
Check:		SOFTWARE\JavaSoft\Java Development Kit\1.8.0_60
Ignore:		1.8.0_60
Runtime used:	1.8.0_66 (64-bit)
Launcher:	C:\Program Files\Java\jre1.8.0_66\bin\javaw.exe
Launcher args:	-jar "F:\Development\HighlightMarker\Installer\HighlightMarker_0.0.2.exe"
Args length:	73/32768 chars
Exit code:	0
